<?xml version="1.0" encoding="utf-8"?><testsuites name="pytest tests"><testsuite name="pytest" errors="0" failures="0" skipped="0" tests="111" time="97.448" timestamp="2026-08-26T02:09:21.031559+08:00" hostname="sxfel43"><testcase classname="tests.unit.test_fbeam" name="test_ac1_reproducible" time="0.032" /><testcase classname="tests.unit.test_fbeam" name="test_ac2_nonnegative" time="0.015" /><testcase classname="tests.unit.test_fbeam" name="test_ac3_total_intensity_and_shape" time="0.015" /><testcase classname="tests.unit.test_fbeam" name="test_ac4_continuous_in_parameters" time="0.102" /><testcase classname="tests.unit.test_fbeam" name="test_ac5_flat_top_profile" time="0.001" /><testcase classname="tests.unit.test_fbeam" name="test_ac6_head_tail_asymmetry" time="0.028" /><testcase classname="tests.unit.test_fbeam" name="test_ac7_thickness_varies_with_z" time="0.030" /><testcase classname="tests.unit.test_fbeam" name="test_ac8_third_order_s_shape" time="0.046" /><testcase classname="tests.unit.test_fbeam" name="test_ac9_folding_creates_fine_structure" time="0.053" /><testcase classname="tests.unit.test_fbeam" name="test_ac10_fine_structure_not_random" time="0.044" /><testcase classname="tests.unit.test_fbeam" name="test_ac11_physical_labels" time="0.001" /><testcase classname="tests.unit.test_fbeam" name="test_compression_state_labels" time="0.043" /><testcase classname="tests.unit.test_fbeam" name="test_ac12_no_degradation_logic" time="0.002" /><testcase classname="tests.unit.test_fdeg" name="test_d7_output_size" time="0.003" /><testcase classname="tests.unit.test_fdeg" name="test_d4_nonnegative_and_truncation" time="0.003" /><testcase classname="tests.unit.test_fdeg" name="test_l_equals_clipped_noise_sum" time="0.003" /><testcase classname="tests.unit.test_fdeg" name="test_d6_reproducible" time="0.007" /><testcase classname="tests.unit.test_fdeg" name="test_d5_lclean_output" time="0.003" /><testcase classname="tests.unit.test_fdeg" name="test_block_sum_conserves_total_intensity" time="0.004" /><testcase classname="tests.unit.test_fdeg" name="test_d2_blur_before_downsample_anti_aliasing" time="0.002" /><testcase classname="tests.unit.test_fdeg" name="test_d3_physical_range_and_correspondence" time="0.002" /><testcase classname="tests.unit.test_fdeg" name="test_d1_same_source" time="0.003" /><testcase classname="tests.unit.test_fdeg" name="test_d8_snr_hf_definition_and_behavior" time="0.002" /><testcase classname="tests.unit.test_fdeg" name="test_d8_snr_hf_batch_median_convention" time="0.016" /><testcase classname="tests.unit.test_fdeg" name="test_d9_large_scale_structure_visible" time="0.005" /><testcase classname="tests.unit.test_fdeg" name="test_d10_metadata_complete" time="0.003" /><testcase classname="tests.unit.test_fdeg" name="test_degradation_level_sigma_K_rules" time="0.000" /><testcase classname="tests.unit.test_fdeg" name="test_input_not_modified" time="0.003" /><testcase classname="tests.unit.test_fdeg" name="test_d11_d12_no_prior_no_network_logic" time="0.001" /><testcase classname="tests.unit.test_fprior" name="test_ac1_same_source" time="0.014" /><testcase classname="tests.unit.test_fprior" name="test_ac2_not_equal_to_H" time="0.015" /><testcase classname="tests.unit.test_fprior" name="test_c_high_invariance" time="0.066" /><testcase classname="tests.unit.test_fprior" name="test_c_high_keys_absent_from_record" time="0.028" /><testcase classname="tests.unit.test_fprior" name="test_p1_invariant_to_c_mid" time="0.027" /><testcase classname="tests.unit.test_fprior" name="test_p2_parameter_definitions" time="0.000" /><testcase classname="tests.unit.test_fprior" name="test_p1_parameter_definitions" time="0.000" /><testcase classname="tests.unit.test_fprior" name="test_ac4_nonnegative_and_normalized" time="0.015" /><testcase classname="tests.unit.test_fprior" name="test_ac6_smoother_than_H" time="0.021" /><testcase classname="tests.unit.test_fprior" name="test_ac7_level_configurable" time="0.041" /><testcase classname="tests.unit.test_fprior" name="test_ac8_oracle_distinction" time="0.028" /><testcase classname="tests.unit.test_fprior" name="test_p3_not_equal_to_H" time="0.016" /><testcase classname="tests.unit.test_fprior" name="test_ac9_metadata_complete" time="0.014" /><testcase classname="tests.unit.test_fprior" name="test_ac10_reproducible" time="0.027" /><testcase classname="tests.unit.test_fprior" name="test_ac11_ac12_no_network_no_loss_logic" time="0.001" /><testcase classname="tests.unit.test_fprior" name="test_ac13_independent_of_L_noise" time="0.001" /><testcase classname="tests.unit.test_loss" name="test_l_space_hand_computed" time="0.012" /><testcase classname="tests.unit.test_loss" name="test_equal_inputs_zero_loss" time="0.016" /><testcase classname="tests.unit.test_loss" name="test_fft_normalization_homogeneity" time="0.018" /><testcase classname="tests.unit.test_loss" name="test_dc_offset_hand_computed" time="0.004" /><testcase classname="tests.unit.test_loss" name="test_band_masks_disjoint_union" time="0.002" /><testcase classname="tests.unit.test_loss" name="test_band_edges_frozen" time="0.001" /><testcase classname="tests.unit.test_loss" name="test_lambda_frozen_at_one" time="0.002" /><testcase classname="tests.unit.test_loss" name="test_total_loss_is_sum" time="0.010" /><testcase classname="tests.unit.test_loss" name="test_batched_input" time="0.015" /><testcase classname="tests.unit.test_loss" name="test_no_physical_loss_terms" time="0.001" /><testcase classname="tests.unit.test_sampling" name="test_samples_within_ranges" time="0.052" /><testcase classname="tests.unit.test_sampling" name="test_alpha_exact_from_compression_factor" time="0.001" /><testcase classname="tests.unit.test_sampling" name="test_compression_state_fractions" time="0.001" /><testcase classname="tests.unit.test_sampling" name="test_all_samples_pass_masks" time="0.001" /><testcase classname="tests.unit.test_sampling" name="test_stats_recorded" time="0.001" /><testcase classname="tests.unit.test_sampling" name="test_w8_fraction_above_sixty_percent" time="0.001" /><testcase classname="tests.unit.test_sampling" name="test_sigma_K_fallback_derived_from_w_fine_median" time="0.005" /><testcase classname="tests.unit.test_sampling" name="test_reproducible_with_same_seed" time="0.008" /><testcase classname="tests.unit.test_sampling" name="test_candidate_cap_raises" time="0.002" /><testcase classname="tests.unit.test_sampling" name="test_invalid_n_raises" time="0.001" /><testcase classname="tests.unit.test_sampling" name="test_single_mask_counterexample_rejected[W1-overrides0-9.0]" time="0.001" /><testcase classname="tests.unit.test_sampling" name="test_single_mask_counterexample_rejected[W2-overrides1-9.0]" time="0.001" /><testcase classname="tests.unit.test_sampling" name="test_single_mask_counterexample_rejected[W3-overrides2-9.0]" time="0.001" /><testcase classname="tests.unit.test_sampling" name="test_single_mask_counterexample_rejected[W4-overrides3-9.0]" time="0.001" /><testcase classname="tests.unit.test_sampling" name="test_single_mask_counterexample_rejected[W5-overrides4-9.0]" time="0.001" /><testcase classname="tests.unit.test_sampling" name="test_single_mask_counterexample_rejected[W6-overrides5-9.0]" time="0.001" /><testcase classname="tests.unit.test_sampling" name="test_single_mask_counterexample_rejected[W7-overrides6-10.0]" time="0.001" /><testcase classname="tests.unit.test_sampling" name="test_single_mask_counterexample_rejected[W8-overrides7-5.0]" time="0.001" /><testcase classname="tests.unit.test_seeds" name="test_same_master_seed_same_branches" time="0.001" /><testcase classname="tests.unit.test_seeds" name="test_different_master_seed_different_branches" time="0.001" /><testcase classname="tests.unit.test_seeds" name="test_different_branches_different_sequences" time="0.001" /><testcase classname="tests.unit.test_seeds" name="test_derive_sample_seed_reproducible" time="0.360" /><testcase classname="tests.unit.test_seeds" name="test_derive_sample_seed_distinct_indices" time="9.808" /><testcase classname="tests.unit.test_seeds" name="test_derive_sample_seed_distinct_splits" time="0.035" /><testcase classname="tests.unit.test_seeds" name="test_sample_parameters_seed_reproducible" time="0.004" /><testcase classname="tests.unit.test_seeds" name="test_fdeg_seed_reproducible" time="0.027" /><testcase classname="tests.unit.test_seeds" name="test_no_self_random_source" time="0.075" /><testcase classname="tests.unit.test_upsample_normalize" name="test_output_shape_and_dtype" time="0.004" /><testcase classname="tests.unit.test_upsample_normalize" name="test_total_intensity_conservation" time="0.002" /><testcase classname="tests.unit.test_upsample_normalize" name="test_constant_image_exact" time="0.002" /><testcase classname="tests.unit.test_upsample_normalize" name="test_bilinear_exactness_on_linear_field" time="0.002" /><testcase classname="tests.unit.test_upsample_normalize" name="test_pixel_center_alignment" time="0.002" /><testcase classname="tests.unit.test_upsample_normalize" name="test_no_negative_no_overshoot" time="0.002" /><testcase classname="tests.unit.test_upsample_normalize" name="test_linearity" time="0.005" /><testcase classname="tests.unit.test_upsample_normalize" name="test_normalize_intensity_to_one" time="0.002" /><testcase classname="tests.unit.test_upsample_normalize" name="test_normalize_rejects_nonpositive_total" time="0.000" /><testcase classname="tests.unit.test_upsample_normalize" name="test_normalize_after_interpolation_order" time="0.002" /><testcase classname="tests.integration.test_dataset_builder" name="test_manifest_triple_and_sections" time="19.230" /><testcase classname="tests.integration.test_dataset_builder" name="test_manifest_sample_ids_match_h5" time="0.003" /><testcase classname="tests.integration.test_dataset_builder" name="test_hdf5_schema_images" time="0.001" /><testcase classname="tests.integration.test_dataset_builder" name="test_hdf5_schema_metadata" time="0.005" /><testcase classname="tests.integration.test_dataset_builder" name="test_masks_all_pass_for_main_splits" time="0.007" /><testcase classname="tests.integration.test_dataset_builder" name="test_seeds_recorded_and_derivable" time="0.006" /><testcase classname="tests.integration.test_dataset_builder" name="test_regeneration_bitwise" time="22.351" /><testcase classname="tests.integration.test_dataset_builder" name="test_parallel_serial_bitwise" time="42.416" /><testcase classname="tests.integration.test_dataset_builder" name="test_test_id_test_pb_1to1" time="0.001" /><testcase classname="tests.integration.test_dataset_builder" name="test_no_c_cross_split" time="0.800" /><testcase classname="tests.integration.test_dataset_builder" name="test_gamma_block" time="0.002" /><testcase classname="tests.integration.test_dataset_builder" name="test_test_ood_extreme_params" time="0.002" /><testcase classname="tests.integration.test_pipeline_hlp" name="test_chain_shapes_and_normalization" time="0.129" /><testcase classname="tests.integration.test_pipeline_hlp" name="test_chain_same_source" time="0.001" /><testcase classname="tests.integration.test_pipeline_hlp" name="test_chain_l_up_contract" time="0.007" /><testcase classname="tests.integration.test_pipeline_hlp" name="test_chain_prior_invariant_to_c_high" time="0.055" /><testcase classname="tests.integration.test_pipeline_hlp" name="test_chain_snr_hf_computable" time="0.002" /><testcase classname="tests.integration.test_pipeline_hlp" name="test_chain_masks_passed" time="0.000" /><testcase classname="tests.integration.test_pipeline_hlp" name="test_write_division_interfaces" time="0.001" /></testsuite></testsuites>