<?xml version="1.0" encoding="utf-8"?><testsuites name="pytest tests"><testsuite name="pytest" errors="0" failures="0" skipped="1" tests="35" time="66.030" timestamp="2026-08-26T02:11:02.461560+08:00" hostname="sxfel43"><testcase classname="tests.acceptance.test_m1_generators" name="test_w8_fraction_monitor" time="0.003" /><testcase classname="tests.acceptance.test_m1_generators" name="test_ac1_ac2_ac3_ac11_batch" time="0.357" /><testcase classname="tests.acceptance.test_m1_generators" name="test_ac4_continuity_batch" time="0.132" /><testcase classname="tests.acceptance.test_m1_generators" name="test_ac5_flat_top" time="0.000" /><testcase classname="tests.acceptance.test_m1_generators" name="test_ac6_head_tail_asymmetry" time="0.029" /><testcase classname="tests.acceptance.test_m1_generators" name="test_ac7_thickness_variation" time="0.029" /><testcase classname="tests.acceptance.test_m1_generators" name="test_ac8_s_shape" time="0.091" /><testcase classname="tests.acceptance.test_m1_generators" name="test_ac9_folding" time="0.035" /><testcase classname="tests.acceptance.test_m1_generators" name="test_ac10_ac12" time="0.033" /><testcase classname="tests.acceptance.test_m1_generators" name="test_grid_convergence_512" time="0.084" /><testcase classname="tests.acceptance.test_m1_generators" name="test_d1_d3_d5_d7_d10_batch" time="0.554" /><testcase classname="tests.acceptance.test_m1_generators" name="test_d2_fixed_order" time="0.001" /><testcase classname="tests.acceptance.test_m1_generators" name="test_d4_nonnegative" time="0.000" /><testcase classname="tests.acceptance.test_m1_generators" name="test_d6_reproducible" time="0.005" /><testcase classname="tests.acceptance.test_m1_generators" name="test_d8_fine_structure_unresolvable" time="0.008" /><testcase classname="tests.acceptance.test_m1_generators" name="test_d9_large_scale_visible" time="0.004" /><testcase classname="tests.acceptance.test_m1_generators" name="test_d11_d12_no_prior_no_network" time="0.001" /><testcase classname="tests.acceptance.test_m1_generators" name="test_ac1_ac2_ac4_ac5_ac9_batch" time="0.225" /><testcase classname="tests.acceptance.test_m1_generators" name="test_ac3_c_high_invariance_batch" time="0.116" /><testcase classname="tests.acceptance.test_m1_generators" name="test_ac6_smoother_than_H_batch" time="0.026" /><testcase classname="tests.acceptance.test_m1_generators" name="test_ac7_ac8_levels" time="0.030" /><testcase classname="tests.acceptance.test_m1_generators" name="test_ac10_reproducible_batch" time="0.114" /><testcase classname="tests.acceptance.test_m1_generators" name="test_ac11_ac12_ac13_no_network_loss_L" time="0.001" /><testcase classname="tests.acceptance.test_m1_generators" name="test_ac14_quality_gate_l1_ratio" time="19.430" /><testcase classname="tests.acceptance.test_m1_generators" name="test_ac14_quality_gate_ssim" time="0.577"><skipped type="pytest.xfail" message="B 类跨文档冲突：70 [S3] 规定 SSIM 用 data_range=1.0 与高斯权重，而 60 [S3] 规定图像总强度归一化（像素值 ~1e-3 量级），此时 SSIM 常数项主导，任意先验的 SSIM(P2, H) 恒 ≈ 1.0，40 [S12] AC14 的上界 0.95 在该口径下不可满足。已按 05 [S7] B 类记录，待 99 裁定口径后移除本标记。" /></testcase><testcase classname="tests.acceptance.test_m2_dataset" name="test_counts_dev1_and_v1" time="0.007" /><testcase classname="tests.acceptance.test_m2_dataset" name="test_manifest_triple" time="0.003" /><testcase classname="tests.acceptance.test_m2_dataset" name="test_gamma_block_info_and_1to1" time="0.003" /><testcase classname="tests.acceptance.test_m2_dataset" name="test_gamma_block_on_real_data" time="0.003" /><testcase classname="tests.acceptance.test_m2_dataset" name="test_ood_500_and_disjoint" time="0.005" /><testcase classname="tests.acceptance.test_m2_dataset" name="test_seed_derivation_recorded" time="0.505" /><testcase classname="tests.acceptance.test_m2_dataset" name="test_g0_a_w8_coverage" time="0.003" /><testcase classname="tests.acceptance.test_m2_dataset" name="test_g0_b_probe_method" time="43.018" /><testcase classname="tests.acceptance.test_m2_dataset" name="test_g0_c_snr_hf" time="0.510" /><testcase classname="tests.acceptance.test_m2_dataset" name="test_g0_report_pass_and_artifacts" time="0.001" /></testsuite></testsuites>