<?xml version="1.0" encoding="utf-8"?><testsuites name="pytest tests"><testsuite name="pytest" errors="0" failures="0" skipped="1" tests="115" time="24.337" timestamp="2026-08-26T01:03:51.267648+08:00" hostname="sxfel43"><testcase classname="tests.unit.test_fbeam" name="test_ac1_reproducible" time="0.033" /><testcase classname="tests.unit.test_fbeam" name="test_ac2_nonnegative" time="0.016" /><testcase classname="tests.unit.test_fbeam" name="test_ac3_total_intensity_and_shape" time="0.015" /><testcase classname="tests.unit.test_fbeam" name="test_ac4_continuous_in_parameters" time="0.105" /><testcase classname="tests.unit.test_fbeam" name="test_ac5_flat_top_profile" time="0.001" /><testcase classname="tests.unit.test_fbeam" name="test_ac6_head_tail_asymmetry" time="0.029" /><testcase classname="tests.unit.test_fbeam" name="test_ac7_thickness_varies_with_z" time="0.029" /><testcase classname="tests.unit.test_fbeam" name="test_ac8_third_order_s_shape" time="0.044" /><testcase classname="tests.unit.test_fbeam" name="test_ac9_folding_creates_fine_structure" time="0.053" /><testcase classname="tests.unit.test_fbeam" name="test_ac10_fine_structure_not_random" time="0.044" /><testcase classname="tests.unit.test_fbeam" name="test_ac11_physical_labels" time="0.001" /><testcase classname="tests.unit.test_fbeam" name="test_compression_state_labels" time="0.044" /><testcase classname="tests.unit.test_fbeam" name="test_ac12_no_degradation_logic" time="0.002" /><testcase classname="tests.unit.test_fdeg" name="test_d7_output_size" time="0.003" /><testcase classname="tests.unit.test_fdeg" name="test_d4_nonnegative_and_truncation" time="0.003" /><testcase classname="tests.unit.test_fdeg" name="test_l_equals_clipped_noise_sum" time="0.003" /><testcase classname="tests.unit.test_fdeg" name="test_d6_reproducible" time="0.007" /><testcase classname="tests.unit.test_fdeg" name="test_d5_lclean_output" time="0.003" /><testcase classname="tests.unit.test_fdeg" name="test_block_sum_conserves_total_intensity" time="0.005" /><testcase classname="tests.unit.test_fdeg" name="test_d2_blur_before_downsample_anti_aliasing" time="0.002" /><testcase classname="tests.unit.test_fdeg" name="test_d3_physical_range_and_correspondence" time="0.002" /><testcase classname="tests.unit.test_fdeg" name="test_d1_same_source" time="0.003" /><testcase classname="tests.unit.test_fdeg" name="test_d8_snr_hf_definition_and_behavior" time="0.002" /><testcase classname="tests.unit.test_fdeg" name="test_d8_snr_hf_batch_median_convention" time="0.016" /><testcase classname="tests.unit.test_fdeg" name="test_d9_large_scale_structure_visible" time="0.005" /><testcase classname="tests.unit.test_fdeg" name="test_d10_metadata_complete" time="0.003" /><testcase classname="tests.unit.test_fdeg" name="test_degradation_level_sigma_K_rules" time="0.000" /><testcase classname="tests.unit.test_fdeg" name="test_input_not_modified" time="0.003" /><testcase classname="tests.unit.test_fdeg" name="test_d11_d12_no_prior_no_network_logic" time="0.001" /><testcase classname="tests.unit.test_fprior" name="test_ac1_same_source" time="0.014" /><testcase classname="tests.unit.test_fprior" name="test_ac2_not_equal_to_H" time="0.015" /><testcase classname="tests.unit.test_fprior" name="test_c_high_invariance" time="0.067" /><testcase classname="tests.unit.test_fprior" name="test_c_high_keys_absent_from_record" time="0.028" /><testcase classname="tests.unit.test_fprior" name="test_p1_invariant_to_c_mid" time="0.027" /><testcase classname="tests.unit.test_fprior" name="test_p2_parameter_definitions" time="0.000" /><testcase classname="tests.unit.test_fprior" name="test_p1_parameter_definitions" time="0.000" /><testcase classname="tests.unit.test_fprior" name="test_ac4_nonnegative_and_normalized" time="0.015" /><testcase classname="tests.unit.test_fprior" name="test_ac6_smoother_than_H" time="0.021" /><testcase classname="tests.unit.test_fprior" name="test_ac7_level_configurable" time="0.042" /><testcase classname="tests.unit.test_fprior" name="test_ac8_oracle_distinction" time="0.028" /><testcase classname="tests.unit.test_fprior" name="test_p3_not_equal_to_H" time="0.016" /><testcase classname="tests.unit.test_fprior" name="test_ac9_metadata_complete" time="0.014" /><testcase classname="tests.unit.test_fprior" name="test_ac10_reproducible" time="0.027" /><testcase classname="tests.unit.test_fprior" name="test_ac11_ac12_no_network_no_loss_logic" time="0.001" /><testcase classname="tests.unit.test_fprior" name="test_ac13_independent_of_L_noise" time="0.001" /><testcase classname="tests.unit.test_loss" name="test_l_space_hand_computed" time="0.012" /><testcase classname="tests.unit.test_loss" name="test_equal_inputs_zero_loss" time="0.017" /><testcase classname="tests.unit.test_loss" name="test_fft_normalization_homogeneity" time="0.024" /><testcase classname="tests.unit.test_loss" name="test_dc_offset_hand_computed" time="0.006" /><testcase classname="tests.unit.test_loss" name="test_band_masks_disjoint_union" time="0.002" /><testcase classname="tests.unit.test_loss" name="test_band_edges_frozen" time="0.001" /><testcase classname="tests.unit.test_loss" name="test_lambda_frozen_at_one" time="0.002" /><testcase classname="tests.unit.test_loss" name="test_total_loss_is_sum" time="0.012" /><testcase classname="tests.unit.test_loss" name="test_batched_input" time="0.016" /><testcase classname="tests.unit.test_loss" name="test_no_physical_loss_terms" time="0.001" /><testcase classname="tests.unit.test_sampling" name="test_samples_within_ranges" time="0.055" /><testcase classname="tests.unit.test_sampling" name="test_alpha_exact_from_compression_factor" time="0.001" /><testcase classname="tests.unit.test_sampling" name="test_compression_state_fractions" time="0.001" /><testcase classname="tests.unit.test_sampling" name="test_all_samples_pass_masks" time="0.001" /><testcase classname="tests.unit.test_sampling" name="test_stats_recorded" time="0.001" /><testcase classname="tests.unit.test_sampling" name="test_w8_fraction_above_sixty_percent" time="0.001" /><testcase classname="tests.unit.test_sampling" name="test_sigma_K_fallback_derived_from_w_fine_median" time="0.005" /><testcase classname="tests.unit.test_sampling" name="test_reproducible_with_same_seed" time="0.008" /><testcase classname="tests.unit.test_sampling" name="test_candidate_cap_raises" time="0.002" /><testcase classname="tests.unit.test_sampling" name="test_invalid_n_raises" time="0.001" /><testcase classname="tests.unit.test_sampling" name="test_single_mask_counterexample_rejected[W1-overrides0-9.0]" time="0.001" /><testcase classname="tests.unit.test_sampling" name="test_single_mask_counterexample_rejected[W2-overrides1-9.0]" time="0.001" /><testcase classname="tests.unit.test_sampling" name="test_single_mask_counterexample_rejected[W3-overrides2-9.0]" time="0.001" /><testcase classname="tests.unit.test_sampling" name="test_single_mask_counterexample_rejected[W4-overrides3-9.0]" time="0.001" /><testcase classname="tests.unit.test_sampling" name="test_single_mask_counterexample_rejected[W5-overrides4-9.0]" time="0.001" /><testcase classname="tests.unit.test_sampling" name="test_single_mask_counterexample_rejected[W6-overrides5-9.0]" time="0.001" /><testcase classname="tests.unit.test_sampling" name="test_single_mask_counterexample_rejected[W7-overrides6-10.0]" time="0.001" /><testcase classname="tests.unit.test_sampling" name="test_single_mask_counterexample_rejected[W8-overrides7-5.0]" time="0.001" /><testcase classname="tests.unit.test_upsample_normalize" name="test_output_shape_and_dtype" time="0.008" /><testcase classname="tests.unit.test_upsample_normalize" name="test_total_intensity_conservation" time="0.004" /><testcase classname="tests.unit.test_upsample_normalize" name="test_constant_image_exact" time="0.004" /><testcase classname="tests.unit.test_upsample_normalize" name="test_bilinear_exactness_on_linear_field" time="0.004" /><testcase classname="tests.unit.test_upsample_normalize" name="test_pixel_center_alignment" time="0.004" /><testcase classname="tests.unit.test_upsample_normalize" name="test_no_negative_no_overshoot" time="0.004" /><testcase classname="tests.unit.test_upsample_normalize" name="test_linearity" time="0.010" /><testcase classname="tests.unit.test_upsample_normalize" name="test_normalize_intensity_to_one" time="0.004" /><testcase classname="tests.unit.test_upsample_normalize" name="test_normalize_rejects_nonpositive_total" time="0.001" /><testcase classname="tests.unit.test_upsample_normalize" name="test_normalize_after_interpolation_order" time="0.004" /><testcase classname="tests.integration.test_pipeline_hlp" name="test_chain_shapes_and_normalization" time="0.148" /><testcase classname="tests.integration.test_pipeline_hlp" name="test_chain_same_source" time="0.001" /><testcase classname="tests.integration.test_pipeline_hlp" name="test_chain_l_up_contract" time="0.006" /><testcase classname="tests.integration.test_pipeline_hlp" name="test_chain_prior_invariant_to_c_high" time="0.055" /><testcase classname="tests.integration.test_pipeline_hlp" name="test_chain_snr_hf_computable" time="0.002" /><testcase classname="tests.integration.test_pipeline_hlp" name="test_chain_masks_passed" time="0.000" /><testcase classname="tests.integration.test_pipeline_hlp" name="test_write_division_interfaces" time="0.001" /><testcase classname="tests.acceptance.test_m1_generators" name="test_w8_fraction_monitor" time="0.002" /><testcase classname="tests.acceptance.test_m1_generators" name="test_ac1_ac2_ac3_ac11_batch" time="0.313" /><testcase classname="tests.acceptance.test_m1_generators" name="test_ac4_continuity_batch" time="0.118" /><testcase classname="tests.acceptance.test_m1_generators" name="test_ac5_flat_top" time="0.000" /><testcase classname="tests.acceptance.test_m1_generators" name="test_ac6_head_tail_asymmetry" time="0.025" /><testcase classname="tests.acceptance.test_m1_generators" name="test_ac7_thickness_variation" time="0.025" /><testcase classname="tests.acceptance.test_m1_generators" name="test_ac8_s_shape" time="0.026" /><testcase classname="tests.acceptance.test_m1_generators" name="test_ac9_folding" time="0.031" /><testcase classname="tests.acceptance.test_m1_generators" name="test_ac10_ac12" time="0.028" /><testcase classname="tests.acceptance.test_m1_generators" name="test_grid_convergence_512" time="0.080" /><testcase classname="tests.acceptance.test_m1_generators" name="test_d1_d3_d5_d7_d10_batch" time="0.561" /><testcase classname="tests.acceptance.test_m1_generators" name="test_d2_fixed_order" time="0.001" /><testcase classname="tests.acceptance.test_m1_generators" name="test_d4_nonnegative" time="0.001" /><testcase classname="tests.acceptance.test_m1_generators" name="test_d6_reproducible" time="0.005" /><testcase classname="tests.acceptance.test_m1_generators" name="test_d8_fine_structure_unresolvable" time="0.008" /><testcase classname="tests.acceptance.test_m1_generators" name="test_d9_large_scale_visible" time="0.004" /><testcase classname="tests.acceptance.test_m1_generators" name="test_d11_d12_no_prior_no_network" time="0.001" /><testcase classname="tests.acceptance.test_m1_generators" name="test_ac1_ac2_ac4_ac5_ac9_batch" time="0.223" /><testcase classname="tests.acceptance.test_m1_generators" name="test_ac3_c_high_invariance_batch" time="0.116" /><testcase classname="tests.acceptance.test_m1_generators" name="test_ac6_smoother_than_H_batch" time="0.026" /><testcase classname="tests.acceptance.test_m1_generators" name="test_ac7_ac8_levels" time="0.030" /><testcase classname="tests.acceptance.test_m1_generators" name="test_ac10_reproducible_batch" time="0.116" /><testcase classname="tests.acceptance.test_m1_generators" name="test_ac11_ac12_ac13_no_network_loss_L" time="0.001" /><testcase classname="tests.acceptance.test_m1_generators" name="test_ac14_quality_gate_l1_ratio" time="19.628" /><testcase classname="tests.acceptance.test_m1_generators" name="test_ac14_quality_gate_ssim" time="0.593"><skipped type="pytest.xfail" message="B 类跨文档冲突：70 [S3] 规定 SSIM 用 data_range=1.0 与高斯权重，而 60 [S3] 规定图像总强度归一化（像素值 ~1e-3 量级），此时 SSIM 常数项主导，任意先验的 SSIM(P2, H) 恒 ≈ 1.0，40 [S12] AC14 的上界 0.95 在该口径下不可满足。已按 05 [S7] B 类记录，待 99 裁定口径后移除本标记。" /></testcase></testsuite></testsuites>